
          -------------------------------------------------------
          Amber 18 PMEMD                              2018
          -------------------------------------------------------

| PMEMD implementation of SANDER, Release 18

| Run on 03/08/2023 at 18:27:14

|   Executable path: /software/repo/moleculardynamics/amber/18/bin/pmemd
| Working directory: /net/gpfs-amarolab/cseitz/from_jam/projects/influenza/neuraminidase/md/2009/analysis_gist/glycosylated
|          Hostname: Unknown
  [-O]verwriting output

File Assignments:
|   MDIN: min_sys-1.in                                                          
|  MDOUT: min1.out                                                              
| INPCRD: step3_input.rst7                                                      
|   PARM: step3_input.parm7                                                     
| RESTRT: min_prot-1.rst7                                                       
|   REFC: refc                                                                  
|  MDVEL: mdvel                                                                 
|   MDEN: mden                                                                  
|  MDCRD: mdcrd                                                                 
| MDINFO: mdinfo                                                                
|  MDFRC: mdfrc                                                                 


 Here is the input file:

minimize water                                                                 
 &cntrl                                                                        
   imin=1, ntmin=1, nmropt=0, drms=0.1,                                        
   maxcyc=20000, ncyc=1500,                                                    
   ntx=1,	// not a restart                                                     
   irest=0,                                                                    
   ntpr=100, ntwr=100, iwrap=1,                                                
   ntf=1,	// SHAKE is off                                                      
   ntb=1,	 // constant volume pbc                                              
   cut=9.0,                                                                    
   ntr=1, restraint_wt=100, // Cartesian restraint                             
   restraintmask='!:WAT',                                                      
 /                                                                             


Note: ig = -1. Setting random seed to   195722 based on wallclock time in 
      microseconds.
| irandom = 1, using AMBER's internal random number generator (default).
 
 
| Conditional Compilation Defines Used:
| PUBFFT
| BINTRAJ
| EMIL

| Largest sphere to fit in unit cell has radius =   103.500

| New format PARM file being parsed.
| Version =    1.000 Date = 03/08/23 Time = 19:29:51
| Force field information read from topology file: 
|     CHARMM36 ALL-ATOM FORCE FIELD                                               
|
|CHARMM: CHARMM force field in use. 

| Note: 1-4 EEL scale factors are being read from the topology file.

| Note: 1-4 VDW scale factors are being read from the topology file.
| INFO: Off Diagonal (NBFIX) LJ terms found in prmtop file.
|       The prmtop file has been modified to support atom
|       type based pairwise Lennard-Jones terms.
| Duplicated    0 dihedrals

| Duplicated    0 dihedrals

--------------------------------------------------------------------------------
   1.  RESOURCE   USE: 
--------------------------------------------------------------------------------

 getting new box info from bottom of inpcrd
 NATOM  =  839817 NTYPES =      42 NBONH =  822786 MBONA  =   15853
 NTHETH =  302839 MTHETA =   21614 NPHIH =   57617 MPHIA  =   40468
 NHPARM =       0 NPARM  =       0 NNB   = 1246106 NRES   =  272789
 NBONA  =   15853 NTHETA =   21614 NPHIA =   40468 NUMBND =      95
 NUMANG =     211 NPTRA  =     468 NATYP =       0 NPHB   =       0
 IFBOX  =       1 NMXRS  =      30 IFCAP =       0 NEXTRA =       0
 NCOPY  =       0

|CHARMM: Reticulating splines.

| Coordinate Index Table dimensions:    45   45   45
| Direct force subcell size =     4.6000    4.6000    4.6000

     BOX TYPE: RECTILINEAR

--------------------------------------------------------------------------------
   2.  CONTROL  DATA  FOR  THE  RUN
--------------------------------------------------------------------------------

                                                                                

General flags:
     imin    =       1, nmropt  =       0

Nature and format of input:
     ntx     =       1, irest   =       0, ntrx    =       1

Nature and format of output:
     ntxo    =       2, ntpr    =      50, ntrx    =       1, ntwr    =       1
     iwrap   =       0, ntwx    =       0, ntwv    =       0, ntwe    =       0
     ioutfm  =       1, ntwprt  =       0, idecomp =       0, rbornstat=      0

Potential function:
     ntf     =       1, ntb     =       1, igb     =       0, nsnb    =      25
     ipol    =       0, gbsa    =       0, iesp    =       0
     dielc   =   1.00000, cut     =   8.00000, intdiel =   1.00000

Frozen or restrained atoms:
     ibelly  =       0, ntr     =       0

Energy minimization:
     maxcyc  =   20000, ncyc    =    1500, ntmin   =       1
     dx0     =   0.01000, drms    =   0.10000

| Intermolecular bonds treatment:
|     no_intermolecular_bonds =       1

| Energy averages sample interval:
|     ene_avg_sampling =       1

Ewald parameters:
     verbose =       0, ew_type =       0, nbflag  =       1, use_pme =       1
     vdwmeth =       1, eedmeth =       1, netfrc  =       0
     Box X =  207.000   Box Y =  207.000   Box Z =  207.000
     Alpha =   90.000   Beta  =   90.000   Gamma =   90.000
     NFFT1 =  216       NFFT2 =  216       NFFT3 =  216
     Cutoff=    8.000   Tol   =0.100E-04
     Ewald Coefficient =  0.34864
     Interpolation order =    4

--------------------------------------------------------------------------------
   3.  ATOMIC COORDINATES AND VELOCITIES
--------------------------------------------------------------------------------

                                                                                
 begin time read from input coords =     0.000 ps

 
 Number of triangulated 3-point waters found:   269298

     Sum of charges from parm topology file =   0.00000000
     Forcing neutrality...

| Dynamic Memory, Types Used:
| Reals            18608565
| Integers         24076042

| Nonbonded Pairs Initial Allocation:   140270434

--------------------------------------------------------------------------------
   4.  RESULTS
--------------------------------------------------------------------------------

 ---------------------------------------------------
 APPROXIMATING switch and d/dx switch using CUBIC SPLINE INTERPOLATION
 using   5000.0 points per unit in tabled values
 TESTING RELATIVE ERROR over r ranging from 0.0 to cutoff
| CHECK switch(x): max rel err =   0.2738E-14   at   2.422500
| CHECK d/dx switch(x): max rel err =   0.8332E-11   at   2.782960
 ---------------------------------------------------
|---------------------------------------------------
| APPROXIMATING direct energy using CUBIC SPLINE INTERPOLATION
|  with   50.0 points per unit in tabled values
| Relative Error Limit not exceeded for r .gt.   2.47
| APPROXIMATING direct force using CUBIC SPLINE INTERPOLATION
|  with   50.0 points per unit in tabled values
| Relative Error Limit not exceeded for r .gt.   2.89
|---------------------------------------------------


   NSTEP       ENERGY          RMS            GMAX         NAME    NUMBER
      1       1.7268E+22     3.3709E+21     3.1689E+24     O3      29274

 BOND    =   569749.8912  ANGLE   =    33386.7471  DIHED      =    19175.4894
 UB      =    21240.9827  IMP     =      193.2420  CMAP       =        0.0000
 VDWAALS = *************  EEL     = -3185204.8467  HBOND      =        0.0000
 1-4 VDW =     6134.6339  1-4 EEL =    97246.3170  RESTRAINT  =        0.0000


   NSTEP       ENERGY          RMS            GMAX         NAME    NUMBER
     50      -2.6213E+06     1.0847E+01     6.1895E+03     HB1     14249

 BOND    =   186847.4508  ANGLE   =    52275.8838  DIHED      =    19213.7935
 UB      =    11402.4516  IMP     =      591.8171  CMAP       =        0.0000
 VDWAALS =   337936.2326  EEL     = -3335759.2224  HBOND      =        0.0000
 1-4 VDW =     8993.9260  1-4 EEL =    97219.6300  RESTRAINT  =        0.0000


   NSTEP       ENERGY          RMS            GMAX         NAME    NUMBER
    100       1.8905E+09     4.4847E+07     3.4777E+10     C       14400

 BOND    =    96433.5896  ANGLE   =    67713.3248  DIHED      =    19185.5798
 UB      =     1066.2433  IMP     =      457.1613  CMAP       =        0.0000
 VDWAALS =   316151.9845  EEL     = -3578854.3113  HBOND      =        0.0000
 1-4 VDW = *************  1-4 EEL =    97123.1472  RESTRAINT  =        0.0000


   NSTEP       ENERGY          RMS            GMAX         NAME    NUMBER
    150      -3.1315E+06     2.6226E+00     1.2290E+03     O      437443

 BOND    =   101120.3359  ANGLE   =    67087.7107  DIHED      =    19176.3789
 UB      =      730.3148  IMP     =      366.5618  CMAP       =        0.0000
 VDWAALS =   276325.0653  EEL     = -3699338.5695  HBOND      =        0.0000
 1-4 VDW =     5939.2350  1-4 EEL =    97104.8777  RESTRAINT  =        0.0000


   NSTEP       ENERGY          RMS            GMAX         NAME    NUMBER
    200      -3.2120E+06     3.1321E+00     1.5916E+03     C       14485

 BOND    =   105438.4560  ANGLE   =    67155.2121  DIHED      =    19107.9577
 UB      =      607.4763  IMP     =     1414.1749  CMAP       =        0.0000
 VDWAALS =   288537.6763  EEL     = -3797040.2656  HBOND      =        0.0000
 1-4 VDW =     5610.4870  1-4 EEL =    97125.3873  RESTRAINT  =        0.0000


   NSTEP       ENERGY          RMS            GMAX         NAME    NUMBER
    250      -3.2661E+06     3.3547E+00     3.2077E+03     C       14461

 BOND    =   106233.3576  ANGLE   =    66845.8860  DIHED      =    19070.4548
 UB      =      521.0113  IMP     =      441.9891  CMAP       =        0.0000
 VDWAALS =   304714.2089  EEL     = -3866533.6614  HBOND      =        0.0000
 1-4 VDW =     5414.3326  1-4 EEL =    97150.4153  RESTRAINT  =        0.0000


   NSTEP       ENERGY          RMS            GMAX         NAME    NUMBER
    300      -3.3013E+06     7.0345E-01     2.0513E+02     C       14461

 BOND    =   107818.0461  ANGLE   =    66970.8678  DIHED      =    18997.5330
 UB      =      488.0771  IMP     =      273.0498  CMAP       =        0.0000
 VDWAALS =   320487.2103  EEL     = -3918785.8476  HBOND      =        0.0000
 1-4 VDW =     5295.5198  1-4 EEL =    97146.6726  RESTRAINT  =        0.0000


   NSTEP       ENERGY          RMS            GMAX         NAME    NUMBER
    350      -3.3280E+06     1.5828E+00     6.6342E+02     C       14442

 BOND    =   110480.7201  ANGLE   =    67533.8195  DIHED      =    18944.9758
 UB      =      465.0326  IMP     =      262.5137  CMAP       =        0.0000
 VDWAALS =   335839.8825  EEL     = -3963907.4637  HBOND      =        0.0000
 1-4 VDW =     5208.2457  1-4 EEL =    97141.9804  RESTRAINT  =        0.0000


   NSTEP       ENERGY          RMS            GMAX         NAME    NUMBER
    400      -3.3504E+06     8.5995E-01     4.8197E+02     C       14442

 BOND    =   111615.3237  ANGLE   =    67798.8836  DIHED      =    18896.4487
 UB      =      447.3896  IMP     =      257.2718  CMAP       =        0.0000
 VDWAALS =   348970.2301  EEL     = -4000703.7731  HBOND      =        0.0000
 1-4 VDW =     5148.0394  1-4 EEL =    97128.6590  RESTRAINT  =        0.0000


   NSTEP       ENERGY          RMS            GMAX         NAME    NUMBER
    450      -3.3675E+06     1.5410E+00     8.3254E+02     C       14528

 BOND    =   113519.2985  ANGLE   =    68197.7866  DIHED      =    18861.4103
 UB      =      435.9879  IMP     =      254.7168  CMAP       =        0.0000
 VDWAALS =   360012.0264  EEL     = -4030988.0063  HBOND      =        0.0000
 1-4 VDW =     5100.8034  1-4 EEL =    97118.1022  RESTRAINT  =        0.0000


   NSTEP       ENERGY          RMS            GMAX         NAME    NUMBER
    500      -3.3829E+06     3.9942E-01     1.0463E+02     C       14528

 BOND    =   113968.4746  ANGLE   =    68303.5911  DIHED      =    18827.3418
 UB      =      426.6814  IMP     =      244.9099  CMAP       =        0.0000
 VDWAALS =   369269.4599  EEL     = -4056080.0119  HBOND      =        0.0000
 1-4 VDW =     5062.2789  1-4 EEL =    97122.2250  RESTRAINT  =        0.0000


   NSTEP       ENERGY          RMS            GMAX         NAME    NUMBER
    550      -3.3956E+06     1.1583E+00     7.3572E+02     C       14528

 BOND    =   115422.8875  ANGLE   =    68583.4216  DIHED      =    18796.7344
 UB      =      420.2407  IMP     =      240.4607  CMAP       =        0.0000
 VDWAALS =   377896.1316  EEL     = -4079117.9986  HBOND      =        0.0000
 1-4 VDW =     5030.9969  1-4 EEL =    97132.2557  RESTRAINT  =        0.0000


   NSTEP       ENERGY          RMS            GMAX         NAME    NUMBER
    600      -3.4074E+06     6.1910E-01     2.9886E+02     C       14547

 BOND    =   116071.4489  ANGLE   =    68712.0702  DIHED      =    18762.0529
 UB      =      415.4891  IMP     =      234.8701  CMAP       =        0.0000
 VDWAALS =   385517.4353  EEL     = -4099231.3326  HBOND      =        0.0000
 1-4 VDW =     5003.1310  1-4 EEL =    97119.7989  RESTRAINT  =        0.0000


   NSTEP       ENERGY          RMS            GMAX         NAME    NUMBER
    650      -3.4170E+06     1.0000E+00     4.9142E+02     C       14547

 BOND    =   117114.8412  ANGLE   =    68934.1966  DIHED      =    18733.2254
 UB      =      411.9168  IMP     =      230.7340  CMAP       =        0.0000
 VDWAALS =   392246.7692  EEL     = -4116763.9696  HBOND      =        0.0000
 1-4 VDW =     4981.2911  1-4 EEL =    97111.3866  RESTRAINT  =        0.0000


   NSTEP       ENERGY          RMS            GMAX         NAME    NUMBER
    700      -3.4261E+06     5.1399E-01     2.2190E+02     C       14547

 BOND    =   117582.5917  ANGLE   =    69095.3954  DIHED      =    18710.0012
 UB      =      408.7077  IMP     =      228.9449  CMAP       =        0.0000
 VDWAALS =   398354.4375  EEL     = -4132542.7440  HBOND      =        0.0000
 1-4 VDW =     4967.3999  1-4 EEL =    97129.1366  RESTRAINT  =        0.0000


   NSTEP       ENERGY          RMS            GMAX         NAME    NUMBER
    750      -3.4339E+06     8.8998E-01     3.8350E+02     C       14547

 BOND    =   118423.3828  ANGLE   =    69291.1580  DIHED      =    18690.3884
 UB      =      406.5359  IMP     =      227.1996  CMAP       =        0.0000
 VDWAALS =   403990.6824  EEL     = -4146980.9293  HBOND      =        0.0000
 1-4 VDW =     4953.4747  1-4 EEL =    97137.1072  RESTRAINT  =        0.0000


   NSTEP       ENERGY          RMS            GMAX         NAME    NUMBER
    800      -3.4412E+06     2.7333E-01     3.6555E+01     C       14547

 BOND    =   118807.7048  ANGLE   =    69393.5118  DIHED      =    18669.9317
 UB      =      404.7119  IMP     =      223.0985  CMAP       =        0.0000
 VDWAALS =   409021.9650  EEL     = -4159773.8198  HBOND      =        0.0000
 1-4 VDW =     4935.7001  1-4 EEL =    97119.9952  RESTRAINT  =        0.0000


   NSTEP       ENERGY          RMS            GMAX         NAME    NUMBER
    850      -3.4477E+06     7.5423E-01     2.8200E+02     C       14547

 BOND    =   119566.5031  ANGLE   =    69592.5975  DIHED      =    18649.7120
 UB      =      403.2086  IMP     =      220.5905  CMAP       =        0.0000
 VDWAALS =   413897.0440  EEL     = -4172101.8693  HBOND      =        0.0000
 1-4 VDW =     4920.5348  1-4 EEL =    97107.3370  RESTRAINT  =        0.0000


   NSTEP       ENERGY          RMS            GMAX         NAME    NUMBER
    900      -3.4540E+06     3.1725E-01     5.4531E+01     C       14547

 BOND    =   119903.3701  ANGLE   =    69748.0198  DIHED      =    18631.6249
 UB      =      401.0742  IMP     =      220.0113  CMAP       =        0.0000
 VDWAALS =   418304.7599  EEL     = -4183197.9870  HBOND      =        0.0000
 1-4 VDW =     4912.8201  1-4 EEL =    97121.2896  RESTRAINT  =        0.0000


   NSTEP       ENERGY          RMS            GMAX         NAME    NUMBER
    950      -3.4596E+06     5.9604E-01     1.9017E+02     CZ      27812

 BOND    =   120478.2405  ANGLE   =    69935.0136  DIHED      =    18614.0837
 UB      =      399.2526  IMP     =      218.3925  CMAP       =        0.0000
 VDWAALS =   422530.1944  EEL     = -4193757.7371  HBOND      =        0.0000
 1-4 VDW =     4902.1068  1-4 EEL =    97117.0792  RESTRAINT  =        0.0000


   NSTEP       ENERGY          RMS            GMAX         NAME    NUMBER
   1000      -3.4648E+06     8.4264E-01     2.2264E+02     C       21326

 BOND    =   121058.6032  ANGLE   =    70128.9844  DIHED      =    18599.4831
 UB      =      397.5328  IMP     =      216.9700  CMAP       =        0.0000
 VDWAALS =   426491.5185  EEL     = -4203656.0655  HBOND      =        0.0000
 1-4 VDW =     4893.1504  1-4 EEL =    97114.4461  RESTRAINT  =        0.0000


   NSTEP       ENERGY          RMS            GMAX         NAME    NUMBER
   1050      -3.4699E+06     2.2853E-01     3.0139E+01     C       21326

 BOND    =   121263.0728  ANGLE   =    70262.8047  DIHED      =    18586.7111
 UB      =      397.3918  IMP     =      215.7655  CMAP       =        0.0000
 VDWAALS =   430130.9769  EEL     = -4212796.6726  HBOND      =        0.0000
 1-4 VDW =     4885.3399  1-4 EEL =    97118.6799  RESTRAINT  =        0.0000


   NSTEP       ENERGY          RMS            GMAX         NAME    NUMBER
   1100      -3.4744E+06     7.2312E-01     2.4642E+02     CZ      25735

 BOND    =   121827.5988  ANGLE   =    70474.4675  DIHED      =    18576.4154
 UB      =      397.9492  IMP     =      214.7486  CMAP       =        0.0000
 VDWAALS =   433573.0652  EEL     = -4221444.6671  HBOND      =        0.0000
 1-4 VDW =     4879.2673  1-4 EEL =    97120.6697  RESTRAINT  =        0.0000


   NSTEP       ENERGY          RMS            GMAX         NAME    NUMBER
   1150      -3.4789E+06     2.0921E-01     2.8369E+01     C       21326

 BOND    =   122020.6183  ANGLE   =    70590.5598  DIHED      =    18566.7654
 UB      =      394.6735  IMP     =      213.4677  CMAP       =        0.0000
 VDWAALS =   436732.9340  EEL     = -4229393.9183  HBOND      =        0.0000
 1-4 VDW =     4871.3618  1-4 EEL =    97119.1133  RESTRAINT  =        0.0000


   NSTEP       ENERGY          RMS            GMAX         NAME    NUMBER
   1200      -3.4829E+06     6.7549E-01     2.8146E+02     CZ      25735

 BOND    =   122517.2161  ANGLE   =    70772.1656  DIHED      =    18558.0781
 UB      =      394.0021  IMP     =      212.4463  CMAP       =        0.0000
 VDWAALS =   439763.8039  EEL     = -4237083.4539  HBOND      =        0.0000
 1-4 VDW =     4865.3864  1-4 EEL =    97119.9159  RESTRAINT  =        0.0000


   NSTEP       ENERGY          RMS            GMAX         NAME    NUMBER
   1250      -3.4868E+06     2.0368E-01     6.6367E+01     CZ      25735

 BOND    =   122679.6070  ANGLE   =    70885.6616  DIHED      =    18552.0678
 UB      =      392.5392  IMP     =      211.6223  CMAP       =        0.0000
 VDWAALS =   442437.2981  EEL     = -4243920.6808  HBOND      =        0.0000
 1-4 VDW =     4860.8122  1-4 EEL =    97123.3154  RESTRAINT  =        0.0000


   NSTEP       ENERGY          RMS            GMAX         NAME    NUMBER
   1300      -3.4903E+06     5.4480E-01     3.3295E+02     CZ      25735

 BOND    =   123066.0492  ANGLE   =    71014.7266  DIHED      =    18545.7201
 UB      =      392.5572  IMP     =      210.9324  CMAP       =        0.0000
 VDWAALS =   444992.4906  EEL     = -4250485.7742  HBOND      =        0.0000
 1-4 VDW =     4855.6677  1-4 EEL =    97129.4605  RESTRAINT  =        0.0000


   NSTEP       ENERGY          RMS            GMAX         NAME    NUMBER
   1350      -3.4935E+06     7.1941E-01     5.0656E+02     CZ      25735

 BOND    =   123423.0883  ANGLE   =    71162.7648  DIHED      =    18535.4350
 UB      =      392.4397  IMP     =      209.9376  CMAP       =        0.0000
 VDWAALS =   447340.6828  EEL     = -4256599.3115  HBOND      =        0.0000
 1-4 VDW =     4850.4310  1-4 EEL =    97134.6965  RESTRAINT  =        0.0000


   NSTEP       ENERGY          RMS            GMAX         NAME    NUMBER
   1400      -3.4970E+06     3.0465E-01     1.6597E+02     CZ      25735

 BOND    =   123534.7513  ANGLE   =    71243.9292  DIHED      =    18521.6476
 UB      =      390.4242  IMP     =      209.1385  CMAP       =        0.0000
 VDWAALS =   449555.1935  EEL     = -4262417.4156  HBOND      =        0.0000
 1-4 VDW =     4843.6081  1-4 EEL =    97136.0142  RESTRAINT  =        0.0000


   NSTEP       ENERGY          RMS            GMAX         NAME    NUMBER
   1450      -3.4999E+06     6.6467E-01     4.7459E+02     CZ      25735

 BOND    =   123902.0350  ANGLE   =    71384.4039  DIHED      =    18511.8957
 UB      =      390.3237  IMP     =      208.4207  CMAP       =        0.0000
 VDWAALS =   451629.8946  EEL     = -4267903.6175  HBOND      =        0.0000
 1-4 VDW =     4839.2498  1-4 EEL =    97136.3275  RESTRAINT  =        0.0000


   NSTEP       ENERGY          RMS            GMAX         NAME    NUMBER
   1500      -3.5029E+06     3.8366E-01     2.3263E+02     CZ      25735

 BOND    =   124029.6998  ANGLE   =    71488.3160  DIHED      =    18502.7682
 UB      =      389.7980  IMP     =      207.8454  CMAP       =        0.0000
 VDWAALS =   453587.2858  EEL     = -4273114.4323  HBOND      =        0.0000
 1-4 VDW =     4835.6115  1-4 EEL =    97139.6165  RESTRAINT  =        0.0000


   NSTEP       ENERGY          RMS            GMAX         NAME    NUMBER
   1550      -3.5243E+06     5.7149E-01     3.2813E+02     NE      25733

 BOND    =   126388.6272  ANGLE   =    72834.5450  DIHED      =    18457.2010
 UB      =      416.7982  IMP     =      209.4504  CMAP       =        0.0000
 VDWAALS =   472087.6184  EEL     = -4316684.7508  HBOND      =        0.0000
 1-4 VDW =     4806.3668  1-4 EEL =    97155.4936  RESTRAINT  =        0.0000


   NSTEP       ENERGY          RMS            GMAX         NAME    NUMBER
   1600      -3.5304E+06     5.1368E-01     1.6287E+02     NE      25733

 BOND    =   126593.9215  ANGLE   =    72871.9553  DIHED      =    18449.9673
 UB      =      405.7375  IMP     =      212.2618  CMAP       =        0.0000
 VDWAALS =   474845.5857  EEL     = -4325648.4016  HBOND      =        0.0000
 1-4 VDW =     4801.3728  1-4 EEL =    97116.5476  RESTRAINT  =        0.0000


   NSTEP       ENERGY          RMS            GMAX         NAME    NUMBER
   1650      -3.5361E+06     4.7627E-01     1.4886E+02     NE      25733

 BOND    =   126938.4739  ANGLE   =    72989.3301  DIHED      =    18430.4718
 UB      =      400.4545  IMP     =      204.3731  CMAP       =        0.0000
 VDWAALS =   478028.9210  EEL     = -4334982.4435  HBOND      =        0.0000
 1-4 VDW =     4791.8363  1-4 EEL =    97130.3924  RESTRAINT  =        0.0000


   NSTEP       ENERGY          RMS            GMAX         NAME    NUMBER
   1700      -3.5422E+06     3.3976E-01     1.2378E+02     NH2     25739

 BOND    =   127372.5410  ANGLE   =    73117.6727  DIHED      =    18417.3626
 UB      =      397.0624  IMP     =      207.8745  CMAP       =        0.0000
 VDWAALS =   481959.0374  EEL     = -4345583.9512  HBOND      =        0.0000
 1-4 VDW =     4783.3403  1-4 EEL =    97091.8933  RESTRAINT  =        0.0000


   NSTEP       ENERGY          RMS            GMAX         NAME    NUMBER
   1750      -3.5468E+06     3.2585E-01     8.6248E+01     NE      25733

 BOND    =   127678.9914  ANGLE   =    73242.2802  DIHED      =    18407.8366
 UB      =      392.4940  IMP     =      202.2921  CMAP       =        0.0000
 VDWAALS =   484687.9857  EEL     = -4353302.0225  HBOND      =        0.0000
 1-4 VDW =     4779.4990  1-4 EEL =    97099.4650  RESTRAINT  =        0.0000


   NSTEP       ENERGY          RMS            GMAX         NAME    NUMBER
   1800      -3.5530E+06     3.1120E-01     9.9257E+01     CZ      25735

 BOND    =   128170.1846  ANGLE   =    73463.1111  DIHED      =    18393.6627
 UB      =      391.8214  IMP     =      200.9946  CMAP       =        0.0000
 VDWAALS =   489136.8664  EEL     = -4364652.6526  HBOND      =        0.0000
 1-4 VDW =     4767.4440  1-4 EEL =    97090.3291  RESTRAINT  =        0.0000


   NSTEP       ENERGY          RMS            GMAX         NAME    NUMBER
   1850      -3.5565E+06     3.0790E-01     1.2720E+02     CG      25727

 BOND    =   128425.0777  ANGLE   =    73515.9976  DIHED      =    18386.6435
 UB      =      389.7571  IMP     =      196.6549  CMAP       =        0.0000
 VDWAALS =   491222.0676  EEL     = -4370451.0215  HBOND      =        0.0000
 1-4 VDW =     4765.6949  1-4 EEL =    97081.8538  RESTRAINT  =        0.0000


   NSTEP       ENERGY          RMS            GMAX         NAME    NUMBER
   1900      -3.5612E+06     3.0727E-01     9.8524E+01     CG      25727

 BOND    =   128736.4156  ANGLE   =    73663.3226  DIHED      =    18367.1125
 UB      =      388.8596  IMP     =      195.2934  CMAP       =        0.0000
 VDWAALS =   494468.0941  EEL     = -4378905.9883  HBOND      =        0.0000
 1-4 VDW =     4760.4361  1-4 EEL =    97084.7805  RESTRAINT  =        0.0000


   NSTEP       ENERGY          RMS            GMAX         NAME    NUMBER
   1950      -3.5654E+06     2.9573E-01     9.5541E+01     NH1     23088

 BOND    =   128967.6649  ANGLE   =    73975.7945  DIHED      =    18355.8019
 UB      =      389.0048  IMP     =      194.2796  CMAP       =        0.0000
 VDWAALS =   497279.0384  EEL     = -4386410.7091  HBOND      =        0.0000
 1-4 VDW =     4756.9023  1-4 EEL =    97080.0359  RESTRAINT  =        0.0000


   NSTEP       ENERGY          RMS            GMAX         NAME    NUMBER
   2000      -3.5678E+06     2.9501E-01     9.1872E+01     NH1     23088

 BOND    =   129129.9030  ANGLE   =    74051.1822  DIHED      =    18348.6688
 UB      =      388.5044  IMP     =      193.8316  CMAP       =        0.0000
 VDWAALS =   498671.9379  EEL     = -4390383.5305  HBOND      =        0.0000
 1-4 VDW =     4753.3788  1-4 EEL =    97065.0466  RESTRAINT  =        0.0000


   NSTEP       ENERGY          RMS            GMAX         NAME    NUMBER
   2050      -3.5699E+06     2.8250E-01     8.0471E+01     NH2     23091

 BOND    =   129283.4213  ANGLE   =    74148.9677  DIHED      =    18345.5764
 UB      =      388.0630  IMP     =      193.0467  CMAP       =        0.0000
 VDWAALS =   499894.2440  EEL     = -4393960.6857  HBOND      =        0.0000
 1-4 VDW =     4750.3684  1-4 EEL =    97057.9469  RESTRAINT  =        0.0000


   NSTEP       ENERGY          RMS            GMAX         NAME    NUMBER
   2100      -3.5720E+06     2.8019E-01     7.3958E+01     CG      14504

 BOND    =   129450.8763  ANGLE   =    74268.7710  DIHED      =    18343.0295
 UB      =      388.3084  IMP     =      192.9202  CMAP       =        0.0000
 VDWAALS =   501148.4502  EEL     = -4397613.7859  HBOND      =        0.0000
 1-4 VDW =     4747.5953  1-4 EEL =    97046.5189  RESTRAINT  =        0.0000


   NSTEP       ENERGY          RMS            GMAX         NAME    NUMBER
   2150      -3.5741E+06     2.7411E-01     7.8586E+01     CG      14504

 BOND    =   129597.6569  ANGLE   =    74410.4775  DIHED      =    18339.1965
 UB      =      387.9367  IMP     =      192.1708  CMAP       =        0.0000
 VDWAALS =   502331.8559  EEL     = -4401140.1666  HBOND      =        0.0000
 1-4 VDW =     4744.8484  1-4 EEL =    97039.9923  RESTRAINT  =        0.0000


   NSTEP       ENERGY          RMS            GMAX         NAME    NUMBER
   2200      -3.5765E+06     2.8186E-01     1.0293E+02     CG      14504

 BOND    =   129777.7898  ANGLE   =    74605.1101  DIHED      =    18333.9792
 UB      =      387.8451  IMP     =      192.9454  CMAP       =        0.0000
 VDWAALS =   503751.9030  EEL     = -4405277.1740  HBOND      =        0.0000
 1-4 VDW =     4742.2581  1-4 EEL =    97030.7689  RESTRAINT  =        0.0000


   NSTEP       ENERGY          RMS            GMAX         NAME    NUMBER
   2250      -3.5786E+06     2.0657E-01     6.5170E+01     CG      14504

 BOND    =   129940.4571  ANGLE   =    74784.0814  DIHED      =    18332.8963
 UB      =      386.9648  IMP     =      191.6172  CMAP       =        0.0000
 VDWAALS =   504975.4535  EEL     = -4408933.2093  HBOND      =        0.0000
 1-4 VDW =     4740.5460  1-4 EEL =    97026.9232  RESTRAINT  =        0.0000


                    FINAL RESULTS



   NSTEP       ENERGY          RMS            GMAX         NAME    NUMBER
   2258      -3.5786E+06     9.6608E-02     1.4848E+01     NH1     23088

 BOND    =   129971.5559  ANGLE   =    74914.1618  DIHED      =    18331.9026
 UB      =      384.1613  IMP     =      191.1735  CMAP       =        0.0000
 VDWAALS =   504980.2755  EEL     = -4409148.6845  HBOND      =        0.0000
 1-4 VDW =     4740.0175  1-4 EEL =    97028.0405  RESTRAINT  =        0.0000
--------------------------------------------------------------------------------
   5.  TIMINGS
--------------------------------------------------------------------------------

|  NonSetup CPU Time in Major Routines:
|
|     Routine           Sec        %
|     ------------------------------
|     Nonbond       10070.12   98.05
|     Bond             31.59    0.31
|     Angle            57.34    0.56
|     Dihedral         39.50    0.38
|     Shake             0.00    0.00
|     Other            72.23    0.70
|     ------------------------------
|     Total         10270.77

|  PME Nonbond Pairlist CPU Time:
|
|     Routine              Sec        %
|     ---------------------------------
|     Set Up Cit          15.10    0.15
|     Build List         795.56    7.75
|     ---------------------------------
|     Total              810.66    7.89

|  PME Direct Force CPU Time:
|
|     Routine              Sec        %
|     ---------------------------------
|     NonBonded Calc    6836.09   66.56
|     Exclude Masked      85.02    0.83
|     Other              119.80    1.17
|     ---------------------------------
|     Total             7040.91   68.55

|  PME Reciprocal Force CPU Time:
|
|     Routine              Sec        %
|     ---------------------------------
|     1D bspline         227.09    2.21
|     Grid Charges       267.58    2.61
|     Scalar Sum         237.45    2.31
|     Gradient Sum       374.55    3.65
|     FFT               1102.19   10.73
|     ---------------------------------
|     Total             2208.87   21.51

|  Setup CPU time:            4.21 seconds
|  NonSetup CPU time:     10270.77 seconds
|  Total CPU time:        10274.99 seconds     2.85 hours

|  Setup wall time:           4    seconds
|  NonSetup wall time:    10290    seconds
|  Total wall time:       10294    seconds     2.86 hours
