
          -------------------------------------------------------
          Amber 18 PMEMD                              2018
          -------------------------------------------------------

| PMEMD implementation of SANDER, Release 18

| Run on 03/09/2023 at 17:33:42

|   Executable path: /software/repo/moleculardynamics/amber/18/bin/pmemd.cuda
| Working directory: /net/gpfs-amarolab/cseitz/from_jam/projects/influenza/neuraminidase/md/2009/analysis_gist/unglycosylated
|          Hostname: Unknown
  [-O]verwriting output

File Assignments:
|   MDIN: md-heat-50K.in                                                        
|  MDOUT: heat1.out                                                             
| INPCRD: min_prot-2.rst7                                                       
|   PARM: step3_input.parm7                                                     
| RESTRT: md_heat-50K.rst7                                                      
|   REFC: min_prot-2.rst7                                                       
|  MDVEL: mdvel                                                                 
|   MDEN: mden                                                                  
|  MDCRD: heat1.nc                                                              
| MDINFO: mdinfo                                                                
|  MDFRC: mdfrc                                                                 


 Here is the input file:

heat NVT 200ps                                                                 
 &cntrl                                                                        
  imin = 0,                                                                    
  irest = 0, ntx = 1,                                                          
  ntb = 1, ntc = 2, ntf = 2,                                                   
  cut = 9.0,                                                                   
  tempi = 0.0, temp0 = 50.0,                                                   
  ntt = 3, gamma_ln = 2.0,                                                     
  nstlim = 10000, dt = 0.002,                                                  
  iwrap = 1,                                                                   
  ntpr = 1000, ntwx = 1000, ntwr = 10000,                                      
  nscm = 1000,                                                                 
  ntr=1, restraint_wt=100,                                                     
  restraintmask='!:WAT & !@H',                                                 
  ig=-1,                                                                       
  ioutfm=1,                                                                    
 /                                                                             


Note: ig = -1. Setting random seed to   429601 based on wallclock time in 
      microseconds.
| irandom = 1, using AMBER's internal random number generator (default).
 
|--------------------- INFORMATION ----------------------
| GPU (CUDA) Version of PMEMD in use: NVIDIA GPU IN USE.
|                    Version 18.0.0
| 
|                      03/25/2018
| 
| Implementation by:
|                    Ross C. Walker     (SDSC)
|                    Scott Le Grand     (nVIDIA)
| 
| Version 18 performance extensions by:
|                    David Cerutti     (Rutgers)
| 
| Precision model in use:
|      [SPFP] - Single Precision Forces, 64-bit Fixed Point
|               Accumulation. (Default)
| 
|--------------------------------------------------------
 
|----------------- CITATION INFORMATION -----------------
|
|    When publishing work that utilized the CUDA version
|    of AMBER, please cite the following in addition to
|    the regular AMBER citations:
|
|  - Romelia Salomon-Ferrer; Andreas W. Goetz; Duncan
|    Poole; Scott Le Grand; Ross C. Walker "Routine
|    microsecond molecular dynamics simulations with
|    AMBER - Part II: Particle Mesh Ewald", J. Chem.
|    Theory Comput., 2013, 9 (9), pp3878-3888,
|    DOI: 10.1021/ct400314y.
|
|  - Andreas W. Goetz; Mark J. Williamson; Dong Xu;
|    Duncan Poole; Scott Le Grand; Ross C. Walker
|    "Routine microsecond molecular dynamics simulations
|    with AMBER - Part I: Generalized Born", J. Chem.
|    Theory Comput., 2012, 8 (5), pp1542-1555.
|
|  - Scott Le Grand; Andreas W. Goetz; Ross C. Walker
|    "SPFP: Speed without compromise - a mixed precision
|    model for GPU accelerated molecular dynamics
|    simulations.", Comp. Phys. Comm., 2013, 184
|    pp374-380, DOI: 10.1016/j.cpc.2012.09.022
|
|--------------------------------------------------------
 
|------------------- GPU DEVICE INFO --------------------
|
|            CUDA_VISIBLE_DEVICES: not set
|   CUDA Capable Devices Detected:      2
|           CUDA Device ID in use:      0
|                CUDA Device Name: NVIDIA GeForce RTX 2080 Ti
|     CUDA Device Global Mem Size:  11019 MB
| CUDA Device Num Multiprocessors:     68
|           CUDA Device Core Freq:   1.54 GHz
|
|--------------------------------------------------------
 
 
| Conditional Compilation Defines Used:
| PUBFFT
| BINTRAJ
| CUDA
| EMIL

| Largest sphere to fit in unit cell has radius =   103.500

| New format PARM file being parsed.
| Version =    1.000 Date = 03/09/23 Time = 16:15:37
| Force field information read from topology file: 
|     CHARMM36 ALL-ATOM FORCE FIELD                                               
|
|CHARMM: CHARMM force field in use. 

| Note: 1-4 EEL scale factors are being read from the topology file.

| Note: 1-4 VDW scale factors are being read from the topology file.
| INFO: Off Diagonal (NBFIX) LJ terms found in prmtop file.
|       The prmtop file has been modified to support atom
|       type based pairwise Lennard-Jones terms.
| Duplicated    0 dihedrals

| Duplicated    0 dihedrals

--------------------------------------------------------------------------------
   1.  RESOURCE   USE: 
--------------------------------------------------------------------------------

 getting box info from netcdf restart file
 NATOM  =  840087 NTYPES =      37 NBONH =  824043 MBONA  =   14860
 NTHETH =  301485 MTHETA =   20216 NPHIH =   52900 MPHIA  =   37772
 NHPARM =       0 NPARM  =       0 NNB   = 1238328 NRES   =  273473
 NBONA  =   14860 NTHETA =   20216 NPHIA =   37772 NUMBND =      74
 NUMANG =     166 NPTRA  =     365 NATYP =       0 NPHB   =       0
 IFBOX  =       1 NMXRS  =      24 IFCAP =       0 NEXTRA =       0
 NCOPY  =       0

|CHARMM: Reticulating splines.

| Coordinate Index Table dimensions:    41   41   41
| Direct force subcell size =     5.0488    5.0488    5.0488

     BOX TYPE: RECTILINEAR

--------------------------------------------------------------------------------
   2.  CONTROL  DATA  FOR  THE  RUN
--------------------------------------------------------------------------------

                                                                                

General flags:
     imin    =       0, nmropt  =       0

Nature and format of input:
     ntx     =       1, irest   =       0, ntrx    =       1

Nature and format of output:
     ntxo    =       2, ntpr    =    1000, ntrx    =       1, ntwr    =   10000
     iwrap   =       1, ntwx    =    1000, ntwv    =       0, ntwe    =       0
     ioutfm  =       1, ntwprt  =       0, idecomp =       0, rbornstat=      0

Potential function:
     ntf     =       2, ntb     =       1, igb     =       0, nsnb    =      25
     ipol    =       0, gbsa    =       0, iesp    =       0
     dielc   =   1.00000, cut     =   9.00000, intdiel =   1.00000

Frozen or restrained atoms:
     ibelly  =       0, ntr     =       1
     restraint_wt = 100.00000

Molecular dynamics:
     nstlim  =     10000, nscm    =         0, nrespa  =         1
     t       =   0.00000, dt      =   0.00200, vlimit  =  -1.00000

Langevin dynamics temperature regulation:
     ig      =  429601
     temp0   =  50.00000, tempi   =   0.00000, gamma_ln=   2.00000

SHAKE:
     ntc     =       2, jfastw  =       0
     tol     =   0.00001

| Intermolecular bonds treatment:
|     no_intermolecular_bonds =       1

| Energy averages sample interval:
|     ene_avg_sampling =    1000

Ewald parameters:
     verbose =       0, ew_type =       0, nbflag  =       1, use_pme =       1
     vdwmeth =       1, eedmeth =       1, netfrc  =       1
     Box X =  207.000   Box Y =  207.000   Box Z =  207.000
     Alpha =   90.000   Beta  =   90.000   Gamma =   90.000
     NFFT1 =  216       NFFT2 =  216       NFFT3 =  216
     Cutoff=    9.000   Tol   =0.100E-04
     Ewald Coefficient =  0.30768
     Interpolation order =    4

    LOADING THE CONSTRAINED ATOMS AS GROUPS


   5.  REFERENCE ATOM COORDINATES

                                                                                  
     Mask !:WAT & !@H; matches 29940 atoms

--------------------------------------------------------------------------------
   3.  ATOMIC COORDINATES AND VELOCITIES
--------------------------------------------------------------------------------

                                                                                
 begin time read from input coords =     0.000 ps

 
 Number of triangulated 3-point waters found:   270049

     Sum of charges from parm topology file =   0.00000000
     Forcing neutrality...

| Dynamic Memory, Types Used:
| Reals            24516616
| Integers         27797873

| Nonbonded Pairs Initial Allocation:   191539836

| GPU memory information (estimate):
| KB of GPU memory in use:         0
| KB of CPU memory in use:         0

--------------------------------------------------------------------------------
   4.  RESULTS
--------------------------------------------------------------------------------


 NSTEP =        0   TIME(PS) =       0.000  TEMP(K) =     0.00  PRESS =     0.0
 Etot   =  -3733848.2197  EKtot   =         0.0000  EPtot      =  -3733848.2197
 BOND   =      1737.1762  ANGLE   =     75140.0509  DIHED      =     16421.1341
 UB     =       350.3904  IMP     =       176.9553  CMAP       =         0.0000
 1-4 NB =      4402.0954  1-4 EEL =     87063.9430  VDWAALS    =    504243.3783
 EELEC  =  -4423383.3433  EHBOND  =         0.0000  RESTRAINT  =         0.0000
 ------------------------------------------------------------------------------


 NSTEP =     1000   TIME(PS) =       2.000  TEMP(K) =    51.36  PRESS =     0.0
 Etot   =  -3292539.3254  EKtot   =     86558.2734  EPtot      =  -3379097.5988
 BOND   =      2288.7742  ANGLE   =      5735.8000  DIHED      =     16504.9339
 UB     =       467.0140  IMP     =       258.8743  CMAP       =         0.0000
 1-4 NB =      4459.1764  1-4 EEL =     87054.5965  VDWAALS    =    442990.0035
 EELEC  =  -3941187.3097  EHBOND  =         0.0000  RESTRAINT  =      2330.5381
 EAMBER (non-restraint)  =  -3381428.1369
 ------------------------------------------------------------------------------


 NSTEP =     2000   TIME(PS) =       4.000  TEMP(K) =    50.78  PRESS =     0.0
 Etot   =  -3308963.2970  EKtot   =     85577.4141  EPtot      =  -3394540.7111
 BOND   =      2304.4373  ANGLE   =      5738.0123  DIHED      =     16504.6631
 UB     =       473.8796  IMP     =       263.2949  CMAP       =         0.0000
 1-4 NB =      4454.2316  1-4 EEL =     87067.3147  VDWAALS    =    449202.1573
 EELEC  =  -3962919.4235  EHBOND  =         0.0000  RESTRAINT  =      2370.7216
 EAMBER (non-restraint)  =  -3396911.4327
 ------------------------------------------------------------------------------


 NSTEP =     3000   TIME(PS) =       6.000  TEMP(K) =    50.40  PRESS =     0.0
 Etot   =  -3317572.1560  EKtot   =     84941.5859  EPtot      =  -3402513.7419
 BOND   =      2311.7228  ANGLE   =      5744.1484  DIHED      =     16509.8928
 UB     =       475.2831  IMP     =       259.5681  CMAP       =         0.0000
 1-4 NB =      4431.4822  1-4 EEL =     87056.9474  VDWAALS    =    453765.9793
 EELEC  =  -3975461.6428  EHBOND  =         0.0000  RESTRAINT  =      2392.8768
 EAMBER (non-restraint)  =  -3404906.6187
 ------------------------------------------------------------------------------


 NSTEP =     4000   TIME(PS) =       8.000  TEMP(K) =    50.21  PRESS =     0.0
 Etot   =  -3322476.0286  EKtot   =     84626.0391  EPtot      =  -3407102.0677
 BOND   =      2299.1841  ANGLE   =      5762.1401  DIHED      =     16502.9825
 UB     =       471.3439  IMP     =       256.9917  CMAP       =         0.0000
 1-4 NB =      4445.7449  1-4 EEL =     87049.6373  VDWAALS    =    456249.0203
 EELEC  =  -3982524.0306  EHBOND  =         0.0000  RESTRAINT  =      2384.9181
 EAMBER (non-restraint)  =  -3409486.9858
 ------------------------------------------------------------------------------


 NSTEP =     5000   TIME(PS) =      10.000  TEMP(K) =    50.23  PRESS =     0.0
 Etot   =  -3325680.6024  EKtot   =     84656.4453  EPtot      =  -3410337.0477
 BOND   =      2339.4439  ANGLE   =      5729.0213  DIHED      =     16510.9683
 UB     =       468.8772  IMP     =       257.0485  CMAP       =         0.0000
 1-4 NB =      4447.2428  1-4 EEL =     87024.2643  VDWAALS    =    457254.7805
 EELEC  =  -3986781.1361  EHBOND  =         0.0000  RESTRAINT  =      2412.4415
 EAMBER (non-restraint)  =  -3412749.4892
 ------------------------------------------------------------------------------


 NSTEP =     6000   TIME(PS) =      12.000  TEMP(K) =    50.23  PRESS =     0.0
 Etot   =  -3328286.6738  EKtot   =     84658.3047  EPtot      =  -3412944.9785
 BOND   =      2307.6103  ANGLE   =      5741.8458  DIHED      =     16509.6837
 UB     =       471.9950  IMP     =       259.3670  CMAP       =         0.0000
 1-4 NB =      4442.8456  1-4 EEL =     87032.6495  VDWAALS    =    458988.9624
 EELEC  =  -3991082.9162  EHBOND  =         0.0000  RESTRAINT  =      2382.9785
 EAMBER (non-restraint)  =  -3415327.9570
 ------------------------------------------------------------------------------


 NSTEP =     7000   TIME(PS) =      14.000  TEMP(K) =    50.13  PRESS =     0.0
 Etot   =  -3330312.2001  EKtot   =     84492.6953  EPtot      =  -3414804.8954
 BOND   =      2302.6972  ANGLE   =      5750.6540  DIHED      =     16513.0671
 UB     =       474.9993  IMP     =       261.5943  CMAP       =         0.0000
 1-4 NB =      4449.5536  1-4 EEL =     87067.1032  VDWAALS    =    459394.7384
 EELEC  =  -3993445.9515  EHBOND  =         0.0000  RESTRAINT  =      2426.6491
 EAMBER (non-restraint)  =  -3417231.5445
 ------------------------------------------------------------------------------


 NSTEP =     8000   TIME(PS) =      16.000  TEMP(K) =    50.20  PRESS =     0.0
 Etot   =  -3331994.5547  EKtot   =     84601.2031  EPtot      =  -3416595.7578
 BOND   =      2344.9377  ANGLE   =      5707.5234  DIHED      =     16515.3847
 UB     =       467.1834  IMP     =       269.0858  CMAP       =         0.0000
 1-4 NB =      4438.0268  1-4 EEL =     87019.7174  VDWAALS    =    460293.7317
 EELEC  =  -3996039.5785  EHBOND  =         0.0000  RESTRAINT  =      2388.2298
 EAMBER (non-restraint)  =  -3418983.9876
 ------------------------------------------------------------------------------


 NSTEP =     9000   TIME(PS) =      18.000  TEMP(K) =    50.09  PRESS =     0.0
 Etot   =  -3333789.9395  EKtot   =     84415.5469  EPtot      =  -3418205.4864
 BOND   =      2336.1524  ANGLE   =      5719.8522  DIHED      =     16504.7548
 UB     =       472.4392  IMP     =       263.4865  CMAP       =         0.0000
 1-4 NB =      4437.9699  1-4 EEL =     87039.2937  VDWAALS    =    460720.5387
 EELEC  =  -3998093.5233  EHBOND  =         0.0000  RESTRAINT  =      2393.5495
 EAMBER (non-restraint)  =  -3420599.0359
 ------------------------------------------------------------------------------


 NSTEP =    10000   TIME(PS) =      20.000  TEMP(K) =    50.02  PRESS =     0.0
 Etot   =  -3335159.7616  EKtot   =     84305.8359  EPtot      =  -3419465.5975
 BOND   =      2313.6782  ANGLE   =      5721.7322  DIHED      =     16520.0331
 UB     =       464.3663  IMP     =       253.6215  CMAP       =         0.0000
 1-4 NB =      4447.4451  1-4 EEL =     87029.4306  VDWAALS    =    462007.9370
 EELEC  =  -4000596.5688  EHBOND  =         0.0000  RESTRAINT  =      2372.7272
 EAMBER (non-restraint)  =  -3421838.3247
 ------------------------------------------------------------------------------


      A V E R A G E S   O V E R      10 S T E P S


 NSTEP =    10000   TIME(PS) =      20.000  TEMP(K) =    50.37  PRESS =     0.0
 Etot   =  -3322677.4539  EKtot   =     84883.3344  EPtot      =  -3407560.7883
 BOND   =      2314.8638  ANGLE   =      5735.0730  DIHED      =     16509.6364
 UB     =       470.7381  IMP     =       260.2933  CMAP       =         0.0000
 1-4 NB =      4445.3719  1-4 EEL =     87044.0955  VDWAALS    =    456086.7849
 EELEC  =  -3982813.2081  EHBOND  =         0.0000  RESTRAINT  =      2385.5630
 EAMBER (non-restraint)  =  -3409946.3513
 ------------------------------------------------------------------------------


      R M S  F L U C T U A T I O N S


 NSTEP =    10000   TIME(PS) =      20.000  TEMP(K) =     0.39  PRESS =     0.0
 Etot   =     12599.0668  EKtot   =       651.4142  EPtot      =     11963.2672
 BOND   =        17.9136  ANGLE   =        15.2251  DIHED      =         5.1933
 UB     =         3.5227  IMP     =         4.0933  CMAP       =         0.0000
 1-4 NB =         7.7623  1-4 EEL =        16.5267  VDWAALS    =      5650.6262
 EELEC  =     17619.5000  EHBOND  =         0.0000  RESTRAINT  =        24.4024
 EAMBER (non-restraint)  =     11938.8648
 ------------------------------------------------------------------------------

--------------------------------------------------------------------------------
   5.  TIMINGS
--------------------------------------------------------------------------------

|  NonSetup CPU Time in Major Routines:
|
|     Routine           Sec        %
|     ------------------------------
|     Nonbond          18.67    9.25
|     Bond              0.00    0.00
|     Angle             0.00    0.00
|     Dihedral          0.00    0.00
|     Shake             0.07    0.03
|     RunMD           183.14   90.69
|     Other             0.07    0.03
|     ------------------------------
|     Total           201.95

|  PME Nonbond Pairlist CPU Time:
|
|     Routine              Sec        %
|     ---------------------------------
|     Set Up Cit           0.00    0.00
|     Build List           0.00    0.00
|     ---------------------------------
|     Total                0.00    0.00

|  PME Direct Force CPU Time:
|
|     Routine              Sec        %
|     ---------------------------------
|     NonBonded Calc       0.00    0.00
|     Exclude Masked       0.00    0.00
|     Other                0.02    0.01
|     ---------------------------------
|     Total                0.02    0.01

|  PME Reciprocal Force CPU Time:
|
|     Routine              Sec        %
|     ---------------------------------
|     1D bspline           0.00    0.00
|     Grid Charges         0.00    0.00
|     Scalar Sum           0.00    0.00
|     Gradient Sum         0.00    0.00
|     FFT                  0.00    0.00
|     ---------------------------------
|     Total                0.00    0.00

|  Final Performance Info:
|     -----------------------------------------------------
|     Average timings for last       1 steps:
|     Elapsed(s) =       0.00 Per Step(ms) =       2.24
|         ns/day =      77.24   seconds/ns =    1118.53
|
|     Average timings for all steps:
|     Elapsed(s) =     202.39 Per Step(ms) =      20.24
|         ns/day =       8.54   seconds/ns =   10119.62
|     -----------------------------------------------------

|  Setup CPU time:            6.71 seconds
|  NonSetup CPU time:       201.95 seconds
|  Total CPU time:          208.66 seconds     0.06 hours

|  Setup wall time:           8    seconds
|  NonSetup wall time:      202    seconds
|  Total wall time:         210    seconds     0.06 hours
