
          -------------------------------------------------------
          Amber 18 PMEMD                              2018
          -------------------------------------------------------

| PMEMD implementation of SANDER, Release 18

| Run on 03/09/2023 at 17:33:29

|   Executable path: /software/repo/moleculardynamics/amber/18/bin/pmemd
| Working directory: /net/gpfs-amarolab/cseitz/from_jam/projects/influenza/neuraminidase/md/2009/analysis_gist/unglycosylated
|          Hostname: Unknown
  [-O]verwriting output

File Assignments:
|   MDIN: min_sys-2.in                                                          
|  MDOUT: min2.out                                                              
| INPCRD: min_prot-1.rst7                                                       
|   PARM: step3_input.parm7                                                     
| RESTRT: min_prot-2.rst7                                                       
|   REFC: min_prot-1.rst7                                                       
|  MDVEL: mdvel                                                                 
|   MDEN: mden                                                                  
|  MDCRD: mdcrd                                                                 
| MDINFO: mdinfo                                                                
|  MDFRC: mdfrc                                                                 


 Here is the input file:

minimize all                                                                   
 &cntrl                                                                        
   imin=1, ntmin=1, nmropt=0, drms=0.1,                                        
   maxcyc=20000, ncyc=1500,                                                    
   ntx=1, irest=0,                                                             
   ntpr=100, ntwr=100, iwrap=1,                                                
   ntf=1, ntb=1, cut=9.0,                                                      
   ntr=1,                                                                      
   restraint_wt=100,                                                           
   restraintmask='!:WAT & !@H',                                                
 /                                                                             


Note: ig = -1. Setting random seed to   640057 based on wallclock time in 
      microseconds.
| irandom = 1, using AMBER's internal random number generator (default).
 
 
| Conditional Compilation Defines Used:
| PUBFFT
| BINTRAJ
| EMIL

| Largest sphere to fit in unit cell has radius =   103.500

| New format PARM file being parsed.
| Version =    1.000 Date = 03/09/23 Time = 16:15:37
| Force field information read from topology file: 
|     CHARMM36 ALL-ATOM FORCE FIELD                                               
|
|CHARMM: CHARMM force field in use. 

| Note: 1-4 EEL scale factors are being read from the topology file.

| Note: 1-4 VDW scale factors are being read from the topology file.
| INFO: Off Diagonal (NBFIX) LJ terms found in prmtop file.
|       The prmtop file has been modified to support atom
|       type based pairwise Lennard-Jones terms.
| Duplicated    0 dihedrals

| Duplicated    0 dihedrals

--------------------------------------------------------------------------------
   1.  RESOURCE   USE: 
--------------------------------------------------------------------------------

 getting box info from netcdf restart file
 NATOM  =  840087 NTYPES =      37 NBONH =  824043 MBONA  =   14860
 NTHETH =  301485 MTHETA =   20216 NPHIH =   52900 MPHIA  =   37772
 NHPARM =       0 NPARM  =       0 NNB   = 1238328 NRES   =  273473
 NBONA  =   14860 NTHETA =   20216 NPHIA =   37772 NUMBND =      74
 NUMANG =     166 NPTRA  =     365 NATYP =       0 NPHB   =       0
 IFBOX  =       1 NMXRS  =      24 IFCAP =       0 NEXTRA =       0
 NCOPY  =       0

|CHARMM: Reticulating splines.

| Coordinate Index Table dimensions:    41   41   41
| Direct force subcell size =     5.0488    5.0488    5.0488

     BOX TYPE: RECTILINEAR

--------------------------------------------------------------------------------
   2.  CONTROL  DATA  FOR  THE  RUN
--------------------------------------------------------------------------------

                                                                                

General flags:
     imin    =       1, nmropt  =       0

Nature and format of input:
     ntx     =       1, irest   =       0, ntrx    =       1

Nature and format of output:
     ntxo    =       2, ntpr    =     100, ntrx    =       1, ntwr    =     100
     iwrap   =       1, ntwx    =       0, ntwv    =       0, ntwe    =       0
     ioutfm  =       1, ntwprt  =       0, idecomp =       0, rbornstat=      0

Potential function:
     ntf     =       1, ntb     =       1, igb     =       0, nsnb    =      25
     ipol    =       0, gbsa    =       0, iesp    =       0
     dielc   =   1.00000, cut     =   9.00000, intdiel =   1.00000

Frozen or restrained atoms:
     ibelly  =       0, ntr     =       1
     restraint_wt = 100.00000

Energy minimization:
     maxcyc  =   20000, ncyc    =    1500, ntmin   =       1
     dx0     =   0.01000, drms    =   0.10000

| Intermolecular bonds treatment:
|     no_intermolecular_bonds =       1

| Energy averages sample interval:
|     ene_avg_sampling =       1

Ewald parameters:
     verbose =       0, ew_type =       0, nbflag  =       1, use_pme =       1
     vdwmeth =       1, eedmeth =       1, netfrc  =       0
     Box X =  207.000   Box Y =  207.000   Box Z =  207.000
     Alpha =   90.000   Beta  =   90.000   Gamma =   90.000
     NFFT1 =  216       NFFT2 =  216       NFFT3 =  216
     Cutoff=    9.000   Tol   =0.100E-04
     Ewald Coefficient =  0.30768
     Interpolation order =    4

    LOADING THE CONSTRAINED ATOMS AS GROUPS


   5.  REFERENCE ATOM COORDINATES

                                                                                  
     Mask !:WAT & !@H; matches 29940 atoms

--------------------------------------------------------------------------------
   3.  ATOMIC COORDINATES AND VELOCITIES
--------------------------------------------------------------------------------

                                                                                
 begin time read from input coords =     0.000 ps

 
 Number of triangulated 3-point waters found:   270049

     Sum of charges from parm topology file =   0.00000000
     Forcing neutrality...

| Dynamic Memory, Types Used:
| Reals            21982459
| Integers         26929994

| Nonbonded Pairs Initial Allocation:   191539836

--------------------------------------------------------------------------------
   4.  RESULTS
--------------------------------------------------------------------------------

 ---------------------------------------------------
 APPROXIMATING switch and d/dx switch using CUBIC SPLINE INTERPOLATION
 using   5000.0 points per unit in tabled values
 TESTING RELATIVE ERROR over r ranging from 0.0 to cutoff
| CHECK switch(x): max rel err =   0.2738E-14   at   2.422500
| CHECK d/dx switch(x): max rel err =   0.8314E-11   at   2.736960
 ---------------------------------------------------
|---------------------------------------------------
| APPROXIMATING direct energy using CUBIC SPLINE INTERPOLATION
|  with   50.0 points per unit in tabled values
| Relative Error Limit not exceeded for r .gt.   2.39
| APPROXIMATING direct force using CUBIC SPLINE INTERPOLATION
|  with   50.0 points per unit in tabled values
| Relative Error Limit not exceeded for r .gt.   2.84
|---------------------------------------------------


   NSTEP       ENERGY          RMS            GMAX         NAME    NUMBER
      1      -3.6051E+06     9.6332E-02     2.5910E+01     O      358996

 BOND    =   130499.4461  ANGLE   =    75140.0509  DIHED      =    16421.1321
 UB      =      350.3904  IMP     =      176.9553  CMAP       =        0.0000
 VDWAALS =   504243.8803  EEL     = -4423385.3676  HBOND      =        0.0000
 1-4 VDW =     4402.0963  1-4 EEL =    87063.9422  RESTRAINT  =        0.0000


                    FINAL RESULTS



   NSTEP       ENERGY          RMS            GMAX         NAME    NUMBER
      1      -3.6051E+06     9.6332E-02     2.5910E+01     O      358996

 BOND    =   130499.4461  ANGLE   =    75140.0509  DIHED      =    16421.1321
 UB      =      350.3904  IMP     =      176.9553  CMAP       =        0.0000
 VDWAALS =   504243.8803  EEL     = -4423385.3676  HBOND      =        0.0000
 1-4 VDW =     4402.0963  1-4 EEL =    87063.9422  RESTRAINT  =        0.0000
--------------------------------------------------------------------------------
   5.  TIMINGS
--------------------------------------------------------------------------------

|  NonSetup CPU Time in Major Routines:
|
|     Routine           Sec        %
|     ------------------------------
|     Nonbond           8.05   98.47
|     Bond              0.01    0.13
|     Angle             0.02    0.28
|     Dihedral          0.02    0.19
|     Shake             0.00    0.00
|     Other             0.08    0.92
|     ------------------------------
|     Total             8.18

|  PME Nonbond Pairlist CPU Time:
|
|     Routine              Sec        %
|     ---------------------------------
|     Set Up Cit           0.05    0.60
|     Build List           3.00   36.70
|     ---------------------------------
|     Total                3.05   37.29

|  PME Direct Force CPU Time:
|
|     Routine              Sec        %
|     ---------------------------------
|     NonBonded Calc       3.99   48.80
|     Exclude Masked       0.03    0.43
|     Other                0.05    0.63
|     ---------------------------------
|     Total                4.08   49.86

|  PME Reciprocal Force CPU Time:
|
|     Routine              Sec        %
|     ---------------------------------
|     1D bspline           0.09    1.14
|     Grid Charges         0.12    1.47
|     Scalar Sum           0.10    1.27
|     Gradient Sum         0.16    2.01
|     FFT                  0.44    5.43
|     ---------------------------------
|     Total                0.93   11.31

|  Setup CPU time:            4.33 seconds
|  NonSetup CPU time:         8.18 seconds
|  Total CPU time:           12.51 seconds     0.00 hours

|  Setup wall time:           4    seconds
|  NonSetup wall time:        8    seconds
|  Total wall time:          12    seconds     0.00 hours
